<?xml version="1.0" encoding="UTF-8"?>
<Site BuildName="(empty)"
	BuildStamp="20240725-0317-Experimental"
	Name="HP360AB"
	Generator="ctest-3.16.3"
	CompilerName="/usr/lib/ccache/c++"
	CompilerVersion="9.4.0"
	OSName="Linux"
	Hostname="HP360AB"
	OSRelease="5.15.0-113-generic"
	OSVersion="#123~20.04.1-Ubuntu SMP Wed Jun 12 17:33:13 UTC 2024"
	OSPlatform="x86_64"
	Is64Bits="1"
	VendorString="AuthenticAMD"
	VendorID="Advanced Micro Devices"
	FamilyID="23"
	ModelID="104"
	ProcessorCacheSize="512"
	NumberOfLogicalCPU="12"
	NumberOfPhysicalCPU="6"
	TotalVirtualMemory="3315"
	TotalPhysicalMemory="7252"
	LogicalProcessorsPerPhysical="2"
	ProcessorClockFrequency="2100"
	>
	<Testing>
		<StartDateTime>Jul 25 11:05 IST</StartDateTime>
		<StartTestTime>1721885714</StartTestTime>
		<TestList/>
		<EndDateTime>Jul 25 11:05 IST</EndDateTime>
		<EndTestTime>1721885714</EndTestTime>
		<ElapsedMinutes>0</ElapsedMinutes>
	</Testing>
</Site>
